<?xml version="1.0" encoding="UTF-8"?>
<!-- Generated by org.testng.reporters.JUnitXMLReporter -->
<testsuite hostname="BA-000235932" ignored="93" name="WNPSmokeTest2" tests="1" failures="0" timestamp="2022-04-29T17:52:05 IST" time="199.081" errors="0">
  <testcase name="testMethod_SmokeTests" time="197.119" classname="com.telus.wnp.tests.SmokeTests"/>
  <testcase name="testMethod_PortOutToWLNFromLSR" time="0.0" classname="com.telus.wnp.tests.WLSWNP_1191_2FA_PMPortOutToWLNFromLSR">
    <ignored/>
  </testcase> <!-- testMethod_PortOutToWLNFromLSR -->
  <testcase name="testMethod_PerformModifyActiveFromSOA" time="0.0" classname="com.telus.wnp.tests.WLSC_169246_WNP_REG_ModifyActiveFromSOA">
    <ignored/>
  </testcase> <!-- testMethod_PerformModifyActiveFromSOA -->
  <testcase name="testMethod_TelusToPublicMobile" time="0.0" classname="com.telus.wnp.tests.WLSWNP_587_WNP_REG_TelusToPublicMobile">
    <ignored/>
  </testcase> <!-- testMethod_TelusToPublicMobile -->
  <testcase name="testMethod_TelusPostpaidToRK" time="0.0" classname="com.telus.wnp.tests.WLSC_169276_WNP_REG_TelusPostpaidToRK">
    <ignored/>
  </testcase> <!-- testMethod_TelusPostpaidToRK -->
  <testcase name="testMethod_PortinAnHYCancelFromPAC" time="0.0" classname="com.telus.wnp.tests.WLSC_169221_WNP_REG_AnHYCancelFromPAC">
    <ignored/>
  </testcase> <!-- testMethod_PortinAnHYCancelFromPAC -->
  <testcase name="testMethod_WLNPortIn8APACCancel" time="0.0" classname="com.telus.wnp.tests.WLSC_169217_WNP_REG_WLNPortIn8APACCancel">
    <ignored/>
  </testcase> <!-- testMethod_WLNPortIn8APACCancel -->
  <testcase name="testMethod_InterbrandPortinFromRKToTelus" time="0.0" classname="com.telus.wnp.tests.WLSWNP_711_WNP_REG_PortinFromRKToTelus">
    <ignored/>
  </testcase> <!-- testMethod_InterbrandPortinFromRKToTelus -->
  <testcase name="testMethod_CancelWLNToTelusPortin" time="0.0" classname="com.telus.wnp.tests.WLSC_169215_WNP_REG_CancelWLNToTelusPortin">
    <ignored/>
  </testcase> <!-- testMethod_CancelWLNToTelusPortin -->
  <testcase name="testMethod_AnHYCancelFromSMG" time="0.0" classname="com.telus.wnp.tests.WLSC_169213_WNP_REG_AnHYCancelFromSMG">
    <ignored/>
  </testcase> <!-- testMethod_AnHYCancelFromSMG -->
  <testcase name="testMethod_CancelWLNToTelusPortin" time="0.0" classname="com.telus.wnp.tests.WLSC_169214_WNP_REG_CancelWLNPortinPending">
    <ignored/>
  </testcase> <!-- testMethod_CancelWLNToTelusPortin -->
  <testcase name="testMethod_ForeignToTelusCorp" time="0.0" classname="com.telus.wnp.tests.WLSWNP_588_WNP_REG_ForeignToTelusCorp">
    <ignored/>
  </testcase> <!-- testMethod_ForeignToTelusCorp -->
  <testcase name="testMethod_KoodoPortInOOPSSMS" time="0.0" classname="com.telus.wnp.tests.WLSWNP_1192_WNP_REG_KoodoPortInOOPSSMS">
    <ignored/>
  </testcase> <!-- testMethod_KoodoPortInOOPSSMS -->
  <testcase name="testMethod_ForeignToTelusPortin" time="0.0" classname="com.telus.wnp.tests.WLSC_169283_PRE2POST_Migration">
    <ignored/>
  </testcase> <!-- testMethod_ForeignToTelusPortin -->
  <testcase name="testMethod_PortOutModifyDDDTNSP" time="0.0" classname="com.telus.wnp.tests.WLSC_169303_WNP_REG_PortOutModifyDDDTNSP">
    <ignored/>
  </testcase> <!-- testMethod_PortOutModifyDDDTNSP -->
  <testcase name="testMethod_ForeignToPMModifConfirm" time="0.0" classname="com.telus.wnp.tests.WLSC_169292_WNP_REG_ForeignToPMModifConfirm">
    <ignored/>
  </testcase> <!-- testMethod_ForeignToPMModifConfirm -->
  <testcase name="testMethod_TelusToForeignPortout" time="0.0" classname="com.telus.wnp.tests.WLSC_169254_WNP_REG_TelusToForeignPortout">
    <ignored/>
  </testcase> <!-- testMethod_TelusToForeignPortout -->
  <testcase name="testMethod_TelusToForeignGUISUP1" time="0.0" classname="com.telus.wnp.tests.WLSC_169261_WNP_REG_TelusToForeignGUISUP1">
    <ignored/>
  </testcase> <!-- testMethod_TelusToForeignGUISUP1 -->
  <testcase name="testMethod_ForeignToTelusPortin" time="0.0" classname="com.telus.wnp.tests.TDM_Prevalidation">
    <ignored/>
  </testcase> <!-- testMethod_ForeignToTelusPortin -->
  <testcase name="testMethod_ReceiveCancellationFromESPFutureDate" time="0.0" classname="com.telus.wnp.tests.WLSC_169272_WNP_REG_ReceiveCancelESPFDate">
    <ignored/>
  </testcase> <!-- testMethod_ReceiveCancellationFromESPFutureDate -->
  <testcase name="testMethod_MSS" time="0.0" classname="com.telus.wnp.tests.MSSPartnersPageTest_BR2">
    <ignored/>
  </testcase> <!-- testMethod_MSS -->
  <testcase name="testMethod_SendCancellationtoESP" time="0.0" classname="com.telus.wnp.tests.WLSC_169268_WNP_REG_SendCancellationtoESP">
    <ignored/>
  </testcase> <!-- testMethod_SendCancellationtoESP -->
  <testcase name="testMethod_PortoutConfirmCancelFromSOA" time="0.0" classname="com.telus.wnp.tests.WLSC_169258_WNP_REG_ConfirmCancelFromSOA">
    <ignored/>
  </testcase> <!-- testMethod_PortoutConfirmCancelFromSOA -->
  <testcase name="testMethod_PortInCancelFromSOA" time="0.0" classname="com.telus.wnp.tests.WLSWNP_589_WNP_REG_PortInCancelFromSOA">
    <ignored/>
  </testcase> <!-- testMethod_PortInCancelFromSOA -->
  <testcase name="testMethod_KoodoPrepaidToForeign" time="0.0" classname="com.telus.wnp.tests.WLSC_169296_WNP_REG_KoodoPrepaidToForeign">
    <ignored/>
  </testcase> <!-- testMethod_KoodoPrepaidToForeign -->
  <testcase name="testMethod_PortOutToWLNFromLSR" time="0.0" classname="com.telus.wnp.tests.WLSWNP_1189_2FA_PortOutToWLNFromLSR">
    <ignored/>
  </testcase> <!-- testMethod_PortOutToWLNFromLSR -->
  <testcase name="testMethod_DDTEXPModifyPACConfirmSMG" time="0.0" classname="com.telus.wnp.tests.WLSC_169239_MSS_DDTEXPModifyPACConfirmSMG">
    <ignored/>
  </testcase> <!-- testMethod_DDTEXPModifyPACConfirmSMG -->
  <testcase name="testMethod_WLNKoodoPortInSUP2" time="0.0" classname="com.telus.wnp.tests.WLSC_169219_WNP_REG_WLNKoodoPortInSUP2">
    <ignored/>
  </testcase> <!-- testMethod_WLNKoodoPortInSUP2 -->
  <testcase name="testMethod_MSS" time="0.0" classname="com.telus.wnp.tests.MSSPartnersPageTest_BR3">
    <ignored/>
  </testcase> <!-- testMethod_MSS -->
  <testcase name="testMethod_TelusBXToForeignPortoutFallout8A" time="0.0" classname="com.telus.wnp.tests.WLSC_169256_WNP_REG_TelusBXToForeignPortout">
    <ignored/>
  </testcase> <!-- testMethod_TelusBXToForeignPortoutFallout8A -->
  <testcase name="testMethod_PortInIMEIModify" time="0.0" classname="com.telus.wnp.tests.WLSC_169248_WNP_REG_PortInIMEIModify">
    <ignored/>
  </testcase> <!-- testMethod_PortInIMEIModify -->
  <testcase name="testMethod_ForeignToKPREModifConfirm" time="0.0" classname="com.telus.wnp.tests.WLSC_169288_WNP_REG_ForeignToKPREICPTimer">
    <ignored/>
  </testcase> <!-- testMethod_ForeignToKPREModifConfirm -->
  <testcase name="testMethod_AnHYCancelFromPAC" time="0.0" classname="com.telus.wnp.tests.uReportTestClass">
    <ignored/>
  </testcase> <!-- testMethod_AnHYCancelFromPAC -->
  <testcase name="testMethod_KoodoPrepaidToForeignSUP1Cancel" time="0.0" classname="com.telus.wnp.tests.WLSC_169298_WNP_REG_KPREToForeignSUP1">
    <ignored/>
  </testcase> <!-- testMethod_KoodoPrepaidToForeignSUP1Cancel -->
  <testcase name="testMethod_ForeignToTelusPortin" time="0.0" classname="com.telus.wnp.tests.WLSC_169250_WNP_REG_ForeignToKoodoSUP2">
    <ignored/>
  </testcase> <!-- testMethod_ForeignToTelusPortin -->
  <testcase name="testMethod_WinbackOrResume" time="0.0" classname="com.telus.wnp.tests.WLSC_169287_WNP_REG_WinbackOrResume">
    <ignored/>
  </testcase> <!-- testMethod_WinbackOrResume -->
  <testcase name="testMethod_ForeignToPMModifConfirm" time="0.0" classname="com.telus.wnp.tests.WLSC_169290_WNP_REG_ForeignToPMICPTimerEx">
    <ignored/>
  </testcase> <!-- testMethod_ForeignToPMModifConfirm -->
  <testcase name="testMethod_KPREToForeignPortOut" time="0.0" classname="com.telus.wnp.tests.WLSC_169300_WNP_REG_KPREToForeign">
    <ignored/>
  </testcase> <!-- testMethod_KPREToForeignPortOut -->
  <testcase name="testMethod_PreportEnabledFromLSR" time="0.0" classname="com.telus.wnp.tests.WLSWNP_1187_No2FA_PreportEnabledFromLSR">
    <ignored/>
  </testcase> <!-- testMethod_PreportEnabledFromLSR -->
  <testcase name="testMethod_AnHYCancelFromPAC" time="0.0" classname="com.telus.wnp.tests.WLSC_169212_WNP_REG_AnHYCancelFromPAC">
    <ignored/>
  </testcase> <!-- testMethod_AnHYCancelFromPAC -->
  <testcase name="testMethod_PortOutToWLNFromLSR" time="0.0" classname="com.telus.wnp.tests.WLSWNP_1190_2FA_KPREPortOutToWLNFromLSR">
    <ignored/>
  </testcase> <!-- testMethod_PortOutToWLNFromLSR -->
  <testcase name="testMethod_PortInFalloutCancel" time="0.0" classname="com.telus.wnp.tests.WLSC_169249_WNP_REG_PortInFalloutCancel">
    <ignored/>
  </testcase> <!-- testMethod_PortInFalloutCancel -->
  <testcase name="testMethod_SendCancellationClone" time="0.0" classname="com.telus.wnp.tests.WLSC_169270_WNP_REG_SendCancellationClone">
    <ignored/>
  </testcase> <!-- testMethod_SendCancellationClone -->
  <testcase name="testMethod_TelusToForeign8H" time="0.0" classname="com.telus.wnp.tests.WLSC_169263_WNP_REG_TelusToForeign8H">
    <ignored/>
  </testcase> <!-- testMethod_TelusToForeign8H -->
  <testcase name="testMethod_AnHYKoodoSMGConfirm" time="0.0" classname="com.telus.wnp.tests.WLSC_169220_WNP_REG_AnHYKoodoSMGConfirm">
    <ignored/>
  </testcase> <!-- testMethod_AnHYKoodoSMGConfirm -->
  <testcase name="testMethod_UndoCancelModifySOA" time="0.0" classname="com.telus.wnp.tests.WLSC_169242_WNP_REG_UndoCancelModifySOA">
    <ignored/>
  </testcase> <!-- testMethod_UndoCancelModifySOA -->
  <testcase name="testMethod_PortInRRThenConfirm" time="0.0" classname="com.telus.wnp.tests.WLSC_169228_WNP_REG_PortInRRThenConfirm">
    <ignored/>
  </testcase> <!-- testMethod_PortInRRThenConfirm -->
  <testcase name="testMethod_ReceiveCancelSPFallout" time="0.0" classname="com.telus.wnp.tests.WLSC_169273_WNP_REG_ReceiveCancelSPFallout">
    <ignored/>
  </testcase> <!-- testMethod_ReceiveCancelSPFallout -->
  <testcase name="testMethod_MSS" time="0.0" classname="com.telus.wnp.tests.MSSPartnersPageTest_BR">
    <ignored/>
  </testcase> <!-- testMethod_MSS -->
  <testcase name="testMethod_UITestDemo" time="0.0" classname="com.telus.wnp.tests.ForeignTN_Validation">
    <ignored/>
  </testcase> <!-- testMethod_UITestDemo -->
  <testcase name="testMethod_PublicMobilePortOutRejection9B" time="0.0" classname="com.telus.wnp.tests.WLSC_169388_WNP_REG_PortOutRejection9B">
    <ignored/>
  </testcase> <!-- testMethod_PublicMobilePortOutRejection9B -->
  <testcase name="testMethod_ForeignToTelusCancel" time="0.0" classname="com.telus.wnp.tests.WLSWNP_590_WNP_REG_ForeignToTelusCancel">
    <ignored/>
  </testcase> <!-- testMethod_ForeignToTelusCancel -->
  <testcase name="testMethod_PerformUndoCancelFromSOA" time="0.0" classname="com.telus.wnp.tests.WLSC_169241_WNP_REG_UndoCancelFromSOA">
    <ignored/>
  </testcase> <!-- testMethod_PerformUndoCancelFromSOA -->
  <testcase name="testMethod_ForeignToKPREModifConfirm" time="0.0" classname="com.telus.wnp.tests.WLSC_169289_WNP_REG_ForeignToKPREConfirm">
    <ignored/>
  </testcase> <!-- testMethod_ForeignToKPREModifConfirm -->
  <testcase name="testMethod_PublicMobileToForeign" time="0.0" classname="com.telus.wnp.tests.WLSC_169393_WNP_REG_PublicMobilePortOutRej">
    <ignored/>
  </testcase> <!-- testMethod_PublicMobileToForeign -->
  <testcase name="testMethod_KoodoToTelusInterbrand" time="0.0" classname="com.telus.wnp.tests.WLSC_169275_WNP_REG_KoodoToTelusInterbrand">
    <ignored/>
  </testcase> <!-- testMethod_KoodoToTelusInterbrand -->
  <testcase name="testMethod_No2FAPreportEnabled" time="0.0" classname="com.telus.wnp.tests.WLSWNP_1186_No2FA_PreportEnabled">
    <ignored/>
  </testcase> <!-- testMethod_No2FAPreportEnabled -->
  <testcase name="testMethod_LSRPortOutMultipleResp" time="0.0" classname="com.telus.wnp.tests.WLSWNP_1188_LSRPortOutMultipleRespIn90Mins">
    <ignored/>
  </testcase> <!-- testMethod_LSRPortOutMultipleResp -->
  <testcase name="testMethod_OSPCancelRequestKoodoFromTelus" time="0.0" classname="com.telus.wnp.tests.WLSC_169266_WNP_REG_OSPCancelKoodoFromTelus">
    <ignored/>
  </testcase> <!-- testMethod_OSPCancelRequestKoodoFromTelus -->
  <testcase name="testMethod_SendCancelESPFDate" time="0.0" classname="com.telus.wnp.tests.WLSC_169271_WNP_REG_SendCancelESPFDate">
    <ignored/>
  </testcase> <!-- testMethod_SendCancelESPFDate -->
  <testcase name="testMethod_TelusToForeignPortoutSUP1Cancel" time="0.0" classname="com.telus.wnp.tests.WLSC_169262_WNP_REG_PortoutSUP1Cancel">
    <ignored/>
  </testcase> <!-- testMethod_TelusToForeignPortoutSUP1Cancel -->
  <testcase name="testMethod_TelusPortOutRejected" time="0.0" classname="com.telus.wnp.tests.WLSC_169392_WNP_REG_TelusPortOutRejected">
    <ignored/>
  </testcase> <!-- testMethod_TelusPortOutRejected -->
  <testcase name="testMethod_KoodoIRToForeignPortout" time="0.0" classname="com.telus.wnp.tests.WLSWNP_586_WNP_REG_KoodoIRToForeignPortout">
    <ignored/>
  </testcase> <!-- testMethod_KoodoIRToForeignPortout -->
  <testcase name="testMethod_PortinCancelCloneConfirm" time="0.0" classname="com.telus.wnp.tests.WLSC_169223_WNP_REG_MSSCancelCloneConfirm">
    <ignored/>
  </testcase> <!-- testMethod_PortinCancelCloneConfirm -->
  <testcase name="testMethod_WLNPortIn8AThenConfirm" time="0.0" classname="com.telus.wnp.tests.WLSC_169218_WNP_REG_WLNPortIn8AThenConfirm">
    <ignored/>
  </testcase> <!-- testMethod_WLNPortIn8AThenConfirm -->
  <testcase name="testMethod_ForeignToKoodoPortin" time="0.0" classname="com.telus.wnp.tests.WLSC_169225_WNP_REG_ForeignToKoodoPortin">
    <ignored/>
  </testcase> <!-- testMethod_ForeignToKoodoPortin -->
  <testcase name="testMethod_PortOut_RR_NoSUP3On9A" time="0.0" classname="com.telus.wnp.tests.WLSC_169391_WNP_REG_PortOut_RR_NoSUP3On9A">
    <ignored/>
  </testcase> <!-- testMethod_PortOut_RR_NoSUP3On9A -->
  <testcase name="testMethod_TelusToForeignPortout" time="0.0" classname="com.telus.wnp.tests.FixReviewComments">
    <ignored/>
  </testcase> <!-- testMethod_TelusToForeignPortout -->
  <testcase name="testMethod_PortInModifyFromSOA" time="0.0" classname="com.telus.wnp.tests.WLSC_169244_WNP_REG_PortInModifyFromSOA">
    <ignored/>
  </testcase> <!-- testMethod_PortInModifyFromSOA -->
  <testcase name="testMethod_POST2PREMigration" time="0.0" classname="com.telus.wnp.tests.WLSC_169278_POST2PRE_Migration">
    <ignored/>
  </testcase> <!-- testMethod_POST2PREMigration -->
  <testcase name="testMethod_TelusToKPRE" time="0.0" classname="com.telus.wnp.tests.WLSWNP_584_WNP_REG_TelusToKPRE">
    <ignored/>
  </testcase> <!-- testMethod_TelusToKPRE -->
  <testcase name="testMethod_CancelWLNToTelusPortin" time="0.0" classname="com.telus.wnp.tests.WLSC_169216_WNP_REG_CancelWLNToTelusPortin">
    <ignored/>
  </testcase> <!-- testMethod_CancelWLNToTelusPortin -->
  <testcase name="testMethod_PublicMobileToToForeignPortout" time="0.0" classname="com.telus.wnp.tests.WLSC_169294_WNP_REG_PublicMobileToForeign">
    <ignored/>
  </testcase> <!-- testMethod_PublicMobileToToForeignPortout -->
  <testcase name="testMethod_TelusToForeignSUP2" time="0.0" classname="com.telus.wnp.tests.WLSC_169264_WNP_REG_TelusToForeignSUP2">
    <ignored/>
  </testcase> <!-- testMethod_TelusToForeignSUP2 -->
  <testcase name="testMethod_AnHYCancelFromPAC" time="0.0" classname="com.telus.wnp.tests.uReportTestClass2">
    <ignored/>
  </testcase> <!-- testMethod_AnHYCancelFromPAC -->
  <testcase name="testMethod_TelusToForeignPortout8A" time="0.0" classname="com.telus.wnp.tests.WLSC_169255_WNP_REG_TelusToForeignFallout">
    <ignored/>
  </testcase> <!-- testMethod_TelusToForeignPortout8A -->
  <testcase name="testMethod_PortinCancelCloneConfirm" time="0.0" classname="com.telus.wnp.tests.WLSC_169222_WNP_REG_PortinCancelCloneConfirm">
    <ignored/>
  </testcase> <!-- testMethod_PortinCancelCloneConfirm -->
  <testcase name="testMethod_SendCancellationtoESPFallOut" time="0.0" classname="com.telus.wnp.tests.WLSC_169267_WNP_REG_SendCancelESPFallOut">
    <ignored/>
  </testcase> <!-- testMethod_SendCancellationtoESPFallOut -->
  <testcase name="testMethod_KoodoToForeignPortOut" time="0.0" classname="com.telus.wnp.tests.WLSC_169253_WNP_REG_KoodoToForeignPortOut">
    <ignored/>
  </testcase> <!-- testMethod_KoodoToForeignPortOut -->
  <testcase name="testMethod_PublicMobileToForeign" time="0.0" classname="com.telus.wnp.tests.WLSC_169297_WNP_REG_PublicMobileToForeign">
    <ignored/>
  </testcase> <!-- testMethod_PublicMobileToForeign -->
  <testcase name="testMethod_ReceiveCancellationfromESP" time="0.0" classname="com.telus.wnp.tests.WLSC_169269_WNP_REG_ReceiveCancelfromESP">
    <ignored/>
  </testcase> <!-- testMethod_ReceiveCancellationfromESP -->
  <testcase name="testMethod_TelusToKoodoInterbrand" time="0.0" classname="com.telus.wnp.tests.WLSC_169274_WNP_REG_TelusToKoodoInterbrand">
    <ignored/>
  </testcase> <!-- testMethod_TelusToKoodoInterbrand -->
  <testcase name="testMethod_PublicMobileToForeign9B" time="0.0" classname="com.telus.wnp.tests.WLSC_169390_WNP_REG_PublicMobileToForeign9B">
    <ignored/>
  </testcase> <!-- testMethod_PublicMobileToForeign9B -->
  <testcase name="testMethod_TelusToForeignPortOutRejection9B" time="0.0" classname="com.telus.wnp.tests.WLSC_169304_WNP_REG_PortOutRejection9B">
    <ignored/>
  </testcase> <!-- testMethod_TelusToForeignPortOutRejection9B -->
  <testcase name="testMethod_ModifyPendingFromSOA" time="0.0" classname="com.telus.wnp.tests.WLSC_169245_WNP_REG_ModifyPendingFromSOA">
    <ignored/>
  </testcase> <!-- testMethod_ModifyPendingFromSOA -->
  <testcase name="testMethod_ForeignToTelusPortin" time="0.0" classname="com.telus.wnp.tests.WLSC_169224_WNP_REG_ForeignToTelusPortin">
    <ignored/>
  </testcase> <!-- testMethod_ForeignToTelusPortin -->
  <testcase name="testMethod_KoodoPPToPublicMobile" time="0.0" classname="com.telus.wnp.tests.WLSWNP_585_WNP_REG_KoodoPPToPublicMobile">
    <ignored/>
  </testcase> <!-- testMethod_KoodoPPToPublicMobile -->
  <testcase name="testMethod_ForeignToTelusPortin" time="0.0" classname="com.telus.wnp.tests.CheckCatchException">
    <ignored/>
  </testcase> <!-- testMethod_ForeignToTelusPortin -->
  <testcase name="testMethod_OSPCancelRequestTelusFromKoodo" time="0.0" classname="com.telus.wnp.tests.WLSC_169265_WNP_REG_OSPCancelTelusFromKoodo">
    <ignored/>
  </testcase> <!-- testMethod_OSPCancelRequestTelusFromKoodo -->
  <testcase name="testMethod_PortInModifyPACConfirm" time="0.0" classname="com.telus.wnp.tests.WLSC_169240_WNP_REG_PortInModifyPACConfirm">
    <ignored/>
  </testcase> <!-- testMethod_PortInModifyPACConfirm -->
  <testcase name="testMethod_ModifyPACConfirmSMG" time="0.0" classname="com.telus.wnp.tests.WLSC_169238_MSS_ModifyPACConfirmSMG">
    <ignored/>
  </testcase> <!-- testMethod_ModifyPACConfirmSMG -->
  <testcase name="testMethod_PortOutConfirmModifyFromNSP" time="0.0" classname="com.telus.wnp.tests.WLSC_169260_WNP_REG_ConfirmModifyFromNSP">
    <ignored/>
  </testcase> <!-- testMethod_PortOutConfirmModifyFromNSP -->
  <testcase name="testMethod_PortInRRThenConfirm" time="0.0" classname="com.telus.wnp.tests.WLSC_169227_WNP_REG_PortInRRThenConfirm">
    <ignored/>
  </testcase> <!-- testMethod_PortInRRThenConfirm -->
  <testcase name="testMethod_TelusToForeignPortout" time="0.0" classname="com.telus.wnp.tests.SmokeTests_portout">
    <ignored/>
  </testcase> <!-- testMethod_TelusToForeignPortout -->
</testsuite> <!-- WNPSmokeTest2 -->
